  game.cpp
c:\users\zunzzz\desktop\monopoly\playground\source\logic\game.cpp(47): warning C4244: '正在初始化': 將 '_Rep' 轉換為 'unsigned int'，由於類型不同，可能導致資料遺失
          with
          [
              _Rep=std::chrono::system_clock::rep
          ]
c:\users\zunzzz\desktop\monopoly\playground\source\logic\game.cpp(52): warning C4244: '正在初始化': 將 '_Rep' 轉換為 'unsigned int'，由於類型不同，可能導致資料遺失
          with
          [
              _Rep=std::chrono::system_clock::rep
          ]
c:\users\zunzzz\desktop\monopoly\playground\source\logic\game.cpp(56): warning C4018: '<': signed/unsigned 不相符
c:\users\zunzzz\desktop\monopoly\playground\source\logic\game.cpp(59): warning C4018: '<': signed/unsigned 不相符
c:\users\zunzzz\desktop\monopoly\playground\source\logic\game.cpp(62): warning C4018: '<': signed/unsigned 不相符
c:\users\zunzzz\desktop\monopoly\playground\source\logic\game.cpp(65): warning C4018: '<': signed/unsigned 不相符
c:\users\zunzzz\desktop\monopoly\playground\source\logic\game.cpp(68): warning C4018: '<': signed/unsigned 不相符
c:\users\zunzzz\desktop\monopoly\playground\source\logic\game.cpp(71): warning C4018: '<': signed/unsigned 不相符
c:\users\zunzzz\desktop\monopoly\playground\source\logic\game.cpp(74): warning C4018: '<': signed/unsigned 不相符
c:\users\zunzzz\desktop\monopoly\playground\source\logic\game.cpp(77): warning C4018: '<': signed/unsigned 不相符
c:\users\zunzzz\desktop\monopoly\playground\source\logic\game.cpp(80): warning C4018: '<': signed/unsigned 不相符
c:\users\zunzzz\desktop\monopoly\playground\source\logic\game.cpp(83): warning C4018: '<': signed/unsigned 不相符
c:\users\zunzzz\desktop\monopoly\playground\source\logic\game.cpp(274): warning C4244: '=': 將 'double' 轉換為 'int'，由於類型不同，可能導致資料遺失
c:\users\zunzzz\desktop\monopoly\playground\source\logic\game.cpp(292): warning C4244: '=': 將 'double' 轉換為 'int'，由於類型不同，可能導致資料遺失
c:\users\zunzzz\desktop\monopoly\playground\source\logic\game.cpp(373): warning C4244: '=': 將 'double' 轉換為 'int'，由於類型不同，可能導致資料遺失
c:\users\zunzzz\desktop\monopoly\playground\source\logic\game.cpp(718): warning C4244: '引數': 將 'double' 轉換為 'int'，由於類型不同，可能導致資料遺失
  Playground.vcxproj -> C:\Users\zunzzz\Desktop\monopoly\Playground\VC14\Debug\Playground.exe
